c:\users\jose\desktop\intec\visual studio and code\pensa project\myusercontrol\x64\debug\myusercontrol.pch
c:\users\jose\desktop\intec\visual studio and code\pensa project\myusercontrol\x64\debug\vc143.pdb
c:\users\jose\desktop\intec\visual studio and code\pensa project\myusercontrol\x64\debug\pch.obj
c:\users\jose\desktop\intec\visual studio and code\pensa project\myusercontrol\x64\debug\myusercontrol2.obj
c:\users\jose\desktop\intec\visual studio and code\pensa project\myusercontrol\x64\debug\myusercontrol1.obj
c:\users\jose\desktop\intec\visual studio and code\pensa project\myusercontrol\x64\debug\myusercontrol.obj
c:\users\jose\desktop\intec\visual studio and code\pensa project\myusercontrol\x64\debug\assemblyinfo.obj
c:\users\jose\desktop\intec\visual studio and code\pensa project\myusercontrol\x64\debug\.netframework,version=v4.8.assemblyattributes.obj
c:\users\jose\desktop\intec\visual studio and code\pensa project\pensa\x64\debug\myusercontrol.dll
c:\users\jose\desktop\intec\visual studio and code\pensa project\pensa\x64\debug\myusercontrol.pdb
c:\users\jose\desktop\intec\visual studio and code\pensa project\myusercontrol\x64\debug\app.res
c:\users\jose\desktop\intec\visual studio and code\pensa project\myusercontrol\x64\debug\myusercontrol.tlog\cl.command.1.tlog
c:\users\jose\desktop\intec\visual studio and code\pensa project\myusercontrol\x64\debug\myusercontrol.tlog\cl.items.tlog
c:\users\jose\desktop\intec\visual studio and code\pensa project\myusercontrol\x64\debug\myusercontrol.tlog\cl.read.1.tlog
c:\users\jose\desktop\intec\visual studio and code\pensa project\myusercontrol\x64\debug\myusercontrol.tlog\cl.write.1.tlog
c:\users\jose\desktop\intec\visual studio and code\pensa project\myusercontrol\x64\debug\myusercontrol.tlog\link.command.1.tlog
c:\users\jose\desktop\intec\visual studio and code\pensa project\myusercontrol\x64\debug\myusercontrol.tlog\link.read.1.tlog
c:\users\jose\desktop\intec\visual studio and code\pensa project\myusercontrol\x64\debug\myusercontrol.tlog\link.write.1.tlog
c:\users\jose\desktop\intec\visual studio and code\pensa project\myusercontrol\x64\debug\myusercontrol.tlog\metagen.read.1.tlog
c:\users\jose\desktop\intec\visual studio and code\pensa project\myusercontrol\x64\debug\myusercontrol.tlog\metagen.write.1.tlog
c:\users\jose\desktop\intec\visual studio and code\pensa project\myusercontrol\x64\debug\myusercontrol.tlog\rc.command.1.tlog
c:\users\jose\desktop\intec\visual studio and code\pensa project\myusercontrol\x64\debug\myusercontrol.tlog\rc.read.1.tlog
c:\users\jose\desktop\intec\visual studio and code\pensa project\myusercontrol\x64\debug\myusercontrol.tlog\rc.write.1.tlog
c:\users\jose\desktop\intec\visual studio and code\pensa project\myusercontrol\x64\debug\myusercontrol.tlog\resgen.command.1.tlog
c:\users\jose\desktop\intec\visual studio and code\pensa project\myusercontrol\x64\debug\myusercontrol.tlog\resgen.read.1.tlog
c:\users\jose\desktop\intec\visual studio and code\pensa project\myusercontrol\x64\debug\myusercontrol.tlog\resgen.write.1.tlog
